<?xml version="1.0" encoding="UTF-8"?>
<!-- Generated by org.testng.reporters.JUnitReportReporter -->
<testsuite skipped="0" hostname="eb4ca3d25475" name="com.DemoWebTours.Test.MyTest" tests="6" failures="0" timestamp="26 Apr 2020 11:16:23 GMT" time="39.124" errors="0">
  <testcase name="ConfPage" time="3.259" classname="com.DemoWebTours.Test.MyTest"/>
  <testcase name="LogOut" time="4.564" classname="com.DemoWebTours.Test.MyTest"/>
  <testcase name="RegistrationTest" time="13.726" classname="com.DemoWebTours.Test.MyTest"/>
  <testcase name="FlightSummeryTest" time="5.224" classname="com.DemoWebTours.Test.MyTest"/>
  <testcase name="SelectFlights" time="7.456" classname="com.DemoWebTours.Test.MyTest"/>
  <testcase name="LaunchAppURL" time="4.895" classname="com.DemoWebTours.Test.MyTest"/>
</testsuite> <!-- com.DemoWebTours.Test.MyTest -->
