<?xml version="1.0" encoding="UTF-8"?>
<!-- Generated by org.testng.reporters.JUnitReportReporter -->
<testsuite skipped="0" hostname="4b321bbafd5e" name="com.DemoWebTours.Test.MyTest" tests="24" failures="0" timestamp="25 Apr 2020 13:48:40 GMT" time="138.478" errors="0">
  <testcase name="LogOut" time="4.844" classname="com.DemoWebTours.Test.MyTest"/>
  <testcase name="LaunchAppURL" time="4.731" classname="com.DemoWebTours.Test.MyTest"/>
  <testcase name="SelectFlights" time="7.496" classname="com.DemoWebTours.Test.MyTest"/>
  <testcase name="ConfPage" time="3.249" classname="com.DemoWebTours.Test.MyTest"/>
  <testcase name="ConfPage" time="3.254" classname="com.DemoWebTours.Test.MyTest"/>
  <testcase name="ConfPage" time="3.234" classname="com.DemoWebTours.Test.MyTest"/>
  <testcase name="LaunchAppURL" time="4.909" classname="com.DemoWebTours.Test.MyTest"/>
  <testcase name="LaunchAppURL" time="4.977" classname="com.DemoWebTours.Test.MyTest"/>
  <testcase name="FlightSummeryTest" time="4.713" classname="com.DemoWebTours.Test.MyTest"/>
  <testcase name="SelectFlights" time="7.401" classname="com.DemoWebTours.Test.MyTest"/>
  <testcase name="RegistrationTest" time="10.180" classname="com.DemoWebTours.Test.MyTest"/>
  <testcase name="RegistrationTest" time="9.571" classname="com.DemoWebTours.Test.MyTest"/>
  <testcase name="LogOut" time="4.921" classname="com.DemoWebTours.Test.MyTest"/>
  <testcase name="LogOut" time="4.575" classname="com.DemoWebTours.Test.MyTest"/>
  <testcase name="FlightSummeryTest" time="5.033" classname="com.DemoWebTours.Test.MyTest"/>
  <testcase name="SelectFlights" time="7.151" classname="com.DemoWebTours.Test.MyTest"/>
  <testcase name="LaunchAppURL" time="4.744" classname="com.DemoWebTours.Test.MyTest"/>
  <testcase name="LogOut" time="4.695" classname="com.DemoWebTours.Test.MyTest"/>
  <testcase name="FlightSummeryTest" time="4.817" classname="com.DemoWebTours.Test.MyTest"/>
  <testcase name="SelectFlights" time="7.298" classname="com.DemoWebTours.Test.MyTest"/>
  <testcase name="FlightSummeryTest" time="4.992" classname="com.DemoWebTours.Test.MyTest"/>
  <testcase name="ConfPage" time="3.234" classname="com.DemoWebTours.Test.MyTest"/>
  <testcase name="RegistrationTest" time="8.970" classname="com.DemoWebTours.Test.MyTest"/>
  <testcase name="RegistrationTest" time="9.489" classname="com.DemoWebTours.Test.MyTest"/>
</testsuite> <!-- com.DemoWebTours.Test.MyTest -->
