<?xml version="1.0" encoding="UTF-8"?>
<!-- Generated by org.testng.reporters.JUnitReportReporter -->
<testsuite skipped="0" hostname="bb05ae1b4fcd" name="com.DemoWebTours.Test.MyTest" tests="24" failures="0" timestamp="26 Apr 2020 11:16:59 GMT" time="150.318" errors="0">
  <testcase name="FlightSummeryTest" time="5.190" classname="com.DemoWebTours.Test.MyTest"/>
  <testcase name="LogOut" time="4.857" classname="com.DemoWebTours.Test.MyTest"/>
  <testcase name="SelectFlights" time="7.845" classname="com.DemoWebTours.Test.MyTest"/>
  <testcase name="SelectFlights" time="7.147" classname="com.DemoWebTours.Test.MyTest"/>
  <testcase name="ConfPage" time="3.228" classname="com.DemoWebTours.Test.MyTest"/>
  <testcase name="FlightSummeryTest" time="5.159" classname="com.DemoWebTours.Test.MyTest"/>
  <testcase name="LogOut" time="4.855" classname="com.DemoWebTours.Test.MyTest"/>
  <testcase name="RegistrationTest" time="13.001" classname="com.DemoWebTours.Test.MyTest"/>
  <testcase name="ConfPage" time="3.241" classname="com.DemoWebTours.Test.MyTest"/>
  <testcase name="ConfPage" time="3.249" classname="com.DemoWebTours.Test.MyTest"/>
  <testcase name="RegistrationTest" time="13.115" classname="com.DemoWebTours.Test.MyTest"/>
  <testcase name="ConfPage" time="3.239" classname="com.DemoWebTours.Test.MyTest"/>
  <testcase name="RegistrationTest" time="12.925" classname="com.DemoWebTours.Test.MyTest"/>
  <testcase name="SelectFlights" time="8.379" classname="com.DemoWebTours.Test.MyTest"/>
  <testcase name="LaunchAppURL" time="4.476" classname="com.DemoWebTours.Test.MyTest"/>
  <testcase name="LaunchAppURL" time="4.474" classname="com.DemoWebTours.Test.MyTest"/>
  <testcase name="LogOut" time="4.523" classname="com.DemoWebTours.Test.MyTest"/>
  <testcase name="LogOut" time="4.854" classname="com.DemoWebTours.Test.MyTest"/>
  <testcase name="LaunchAppURL" time="4.780" classname="com.DemoWebTours.Test.MyTest"/>
  <testcase name="LaunchAppURL" time="4.580" classname="com.DemoWebTours.Test.MyTest"/>
  <testcase name="FlightSummeryTest" time="5.096" classname="com.DemoWebTours.Test.MyTest"/>
  <testcase name="FlightSummeryTest" time="5.028" classname="com.DemoWebTours.Test.MyTest"/>
  <testcase name="SelectFlights" time="7.361" classname="com.DemoWebTours.Test.MyTest"/>
  <testcase name="RegistrationTest" time="9.716" classname="com.DemoWebTours.Test.MyTest"/>
</testsuite> <!-- com.DemoWebTours.Test.MyTest -->
